[0208/153546:ERROR:process_reader_win.cc(142)] SuspendThread: 拒绝访问。 (0x5)
[0208/153546:ERROR:process_reader_win.cc(142)] SuspendThread: 拒绝访问。 (0x5)
[0208/153546:ERROR:process_reader_win.cc(142)] SuspendThread: 拒绝访问。 (0x5)
[0208/153546:ERROR:process_reader_win.cc(142)] SuspendThread: 拒绝访问。 (0x5)
[0208/153733:ERROR:http_transport_win.cc(50)] WinHttpSendRequest: 操作超时  (0x2EE2)
[0208/153752:ERROR:http_transport_win.cc(50)] WinHttpSendRequest: 操作超时  (0x2EE2)
[0208/153857:ERROR:http_transport_win.cc(50)] WinHttpSendRequest: 操作超时  (0x2EE2)
[0208/153923:ERROR:http_transport_win.cc(50)] WinHttpSendRequest: 操作超时  (0x2EE2)
[0208/182939:ERROR:http_transport_win.cc(50)] WinHttpSendRequest: 操作超时  (0x2EE2)
[0208/185725:ERROR:process_reader_win.cc(142)] SuspendThread: 拒绝访问。 (0x5)
[0208/185725:ERROR:process_reader_win.cc(142)] SuspendThread: 拒绝访问。 (0x5)
[0208/185725:ERROR:process_reader_win.cc(142)] SuspendThread: 拒绝访问。 (0x5)
[0208/185725:ERROR:process_reader_win.cc(142)] SuspendThread: 拒绝访问。 (0x5)
[0209/163327:ERROR:process_reader_win.cc(142)] SuspendThread: 拒绝访问。 (0x5)
[0209/163327:ERROR:process_reader_win.cc(142)] SuspendThread: 拒绝访问。 (0x5)
[0209/163327:ERROR:process_reader_win.cc(142)] SuspendThread: 拒绝访问。 (0x5)
[0209/163327:ERROR:process_reader_win.cc(142)] SuspendThread: 拒绝访问。 (0x5)
[0209/163327:ERROR:process_reader_win.cc(142)] SuspendThread: 拒绝访问。 (0x5)
[0209/190120:ERROR:http_transport_win.cc(50)] WinHttpSendRequest: 操作超时  (0x2EE2)
[0213/144608:ERROR:process_reader_win.cc(142)] SuspendThread: 拒绝访问。 (0x5)
[0213/144608:ERROR:process_reader_win.cc(142)] SuspendThread: 拒绝访问。 (0x5)
[0213/170902:ERROR:process_reader_win.cc(142)] SuspendThread: 拒绝访问。 (0x5)
[0213/170902:ERROR:process_reader_win.cc(142)] SuspendThread: 拒绝访问。 (0x5)
[0213/170902:ERROR:process_reader_win.cc(142)] SuspendThread: 拒绝访问。 (0x5)
[0213/170902:ERROR:process_reader_win.cc(142)] SuspendThread: 拒绝访问。 (0x5)
[0213/170902:ERROR:process_reader_win.cc(142)] SuspendThread: 拒绝访问。 (0x5)
[0213/171108:ERROR:http_transport_win.cc(50)] WinHttpSendRequest: 操作超时  (0x2EE2)
[0213/171113:ERROR:http_transport_win.cc(50)] WinHttpSendRequest: 操作超时  (0x2EE2)
[0213/171954:ERROR:process_reader_win.cc(142)] SuspendThread: 拒绝访问。 (0x5)
[0213/171954:ERROR:process_reader_win.cc(142)] SuspendThread: 拒绝访问。 (0x5)
[0213/171954:ERROR:process_reader_win.cc(142)] SuspendThread: 拒绝访问。 (0x5)
[0216/211041:ERROR:process_reader_win.cc(142)] SuspendThread: 拒绝访问。 (0x5)
[0216/211041:ERROR:process_reader_win.cc(142)] SuspendThread: 拒绝访问。 (0x5)
[0219/182709:ERROR:process_reader_win.cc(233)] ReadMemory at 0x7a6000 of 40960 bytes failed: 仅完成部分的 ReadProcessMemory 或 WriteProcessMemory 请求。 (0x12B)
[0219/182709:ERROR:crash_report_exception_handler.cc(112)] WriteEverything failed
[0219/182709:ERROR:scoped_process_suspend.cc(38)] NtResumeProcess: 已尝试访问正在退出的过程。  (0xc000010a)
